This file should contain 46381007673000 entries...
1C,9C,QS,KD|1S,1D,10D,KC|1H,10S,QC,QD|9D,10H,JS,QH
1C,9C,QS,KD|1S,1D,10D,KC|1H,10S,QC,QD|9D,JS,QH,KH
1C,9C,QS,KD|1S,1D,10D,KC|1H,10S,QC,QD|9S,9D,JS,QH
1C,9C,QS,KD|1S,1D,10D,KC|1H,10S,QC,QD|9D,JS,QH,KS
1C,9C,QS,KD|1S,1D,10D,KC|1H,10S,QC,QD|9D,JS,JC,QH
1C,9C,QS,KD|1S,1D,10D,KC|1H,10S,QC,QD|9D,JS,JD,QH
1C,9C,QS,KD|1S,1D,10D,KC|1H,10S,QC,QD|9D,JS,JH,QH
1C,9C,QS,KD|1S,1D,10D,KC|1H,10S,QC,QD|9D,10C,JS,QH
1C,9C,QS,KD|1S,1D,10D,KC|1H,10S,QC,QD|9H,9D,JS,QH
1C,9C,QS,KD|1S,1D,10D,KC|10S,10C,QC,QD|9D,JS,QH,KH
1C,9C,QS,KD|1S,1D,10D,KC|10S,10C,QC,QD|9D,JS,JH,QH
1C,9C,QS,KD|1S,1D,10D,KC|10S,10C,QC,QD|9D,JS,JC,QH
1C,9C,QS,KD|1S,1D,10D,KC|10S,10C,QC,QD|9D,JS,QH,KS
1C,9C,QS,KD|1S,1D,10D,KC|10S,10C,QC,QD|9D,10H,JS,QH
1C,9C,QS,KD|1S,1D,10D,KC|10S,10C,QC,QD|1H,9D,JS,QH
1C,9C,QS,KD|1S,1D,10D,KC|10S,10C,QC,QD|9S,9D,JS,QH
1C,9C,QS,KD|1S,1D,10D,KC|10S,10C,QC,QD|9H,9D,JS,QH
1C,9C,QS,KD|1S,1D,10D,KC|10S,10C,QC,QD|9D,JS,JD,QH
1C,9C,QS,KD|1S,1D,10D,KC|9S,10S,QC,QD|9D,JS,QH,KS
1C,9C,QS,KD|1S,1D,10D,KC|9S,10S,QC,QD|9D,JS,JC,QH
1C,9C,QS,KD|1S,1D,10D,KC|9S,10S,QC,QD|9D,JS,JD,QH
1C,9C,QS,KD|1S,1D,10D,KC|9S,10S,QC,QD|9D,JS,QH,KH
1C,9C,QS,KD|1S,1D,10D,KC|9S,10S,QC,QD|1H,9D,JS,QH
1C,9C,QS,KD|1S,1D,10D,KC|9S,10S,QC,QD|9D,10C,JS,QH
1C,9C,QS,KD|1S,1D,10D,KC|9S,10S,QC,QD|9D,JS,JH,QH
1C,9C,QS,KD|1S,1D,10D,KC|9S,10S,QC,QD|9H,9D,JS,QH
1C,9C,QS,KD|1S,1D,10D,KC|9S,10S,QC,QD|9D,10H,JS,QH
1C,9C,QS,KD|1S,1D,10D,KC|10S,QC,QD,KS|9D,JS,JC,QH
1C,9C,QS,KD|1S,1D,10D,KC|10S,QC,QD,KS|1H,9D,JS,QH
1C,9C,QS,KD|1S,1D,10D,KC|10S,QC,QD,KS|9D,10H,JS,QH
1C,9C,QS,KD|1S,1D,10D,KC|10S,QC,QD,KS|9H,9D,JS,QH
1C,9C,QS,KD|1S,1D,10D,KC|10S,QC,QD,KS|9D,JS,QH,KH
1C,9C,QS,KD|1S,1D,10D,KC|10S,QC,QD,KS|9D,10C,JS,QH
1C,9C,QS,KD|1S,1D,10D,KC|10S,QC,QD,KS|9D,JS,JD,QH
1C,9C,QS,KD|1S,1D,10D,KC|10S,QC,QD,KS|9D,JS,JH,QH
1C,9C,QS,KD|1S,1D,10D,KC|10S,QC,QD,KS|9S,9D,JS,QH
1C,9C,QS,KD|1S,1D,10D,KC|10S,QC,QD,KH|9D,JS,QH,KS
1C,9C,QS,KD|1S,1D,10D,KC|10S,QC,QD,KH|9S,9D,JS,QH
1C,9C,QS,KD|1S,1D,10D,KC|10S,QC,QD,KH|9D,10C,JS,QH
1C,9C,QS,KD|1S,1D,10D,KC|10S,QC,QD,KH|9D,JS,JC,QH
1C,9C,QS,KD|1S,1D,10D,KC|10S,QC,QD,KH|9D,JS,JD,QH
1C,9C,QS,KD|1S,1D,10D,KC|10S,QC,QD,KH|1H,9D,JS,QH
1C,9C,QS,KD|1S,1D,10D,KC|10S,QC,QD,KH|9H,9D,JS,QH
1C,9C,QS,KD|1S,1D,10D,KC|10S,QC,QD,KH|9D,10H,JS,QH
1C,9C,QS,KD|1S,1D,10D,KC|10S,QC,QD,KH|9D,JS,JH,QH
1C,9C,QS,KD|1S,1D,10D,KC|10S,10H,QC,QD|9H,9D,JS,QH
1C,9C,QS,KD|1S,1D,10D,KC|10S,10H,QC,QD|9S,9D,JS,QH
1C,9C,QS,KD|1S,1D,10D,KC|10S,10H,QC,QD|9D,10C,JS,QH
1C,9C,QS,KD|1S,1D,10D,KC|10S,10H,QC,QD|9D,JS,QH,KS
1C,9C,QS,KD|1S,1D,10D,KC|10S,10H,QC,QD|9D,JS,JH,QH
1C,9C,QS,KD|1S,1D,10D,KC|10S,10H,QC,QD|9D,JS,QH,KH
1C,9C,QS,KD|1S,1D,10D,KC|10S,10H,QC,QD|9D,JS,JC,QH
1C,9C,QS,KD|1S,1D,10D,KC|10S,10H,QC,QD|9D,JS,JD,QH
1C,9C,QS,KD|1S,1D,10D,KC|10S,10H,QC,QD|1H,9D,JS,QH
1C,9C,QS,KD|1S,1D,10D,KC|10S,JD,QC,QD|9D,JS,QH,KS
1C,9C,QS,KD|1S,1D,10D,KC|10S,JD,QC,QD|9D,10C,JS,QH
1C,9C,QS,KD|1S,1D,10D,KC|10S,JD,QC,QD|9D,JS,QH,KH
1C,9C,QS,KD|1S,1D,10D,KC|10S,JD,QC,QD|9D,JS,JH,QH
1C,9C,QS,KD|1S,1D,10D,KC|10S,JD,QC,QD|9H,9D,JS,QH
1C,9C,QS,KD|1S,1D,10D,KC|10S,JD,QC,QD|9D,10H,JS,QH
1C,9C,QS,KD|1S,1D,10D,KC|10S,JD,QC,QD|9D,JS,JC,QH
1C,9C,QS,KD|1S,1D,10D,KC|10S,JD,QC,QD|1H,9D,JS,QH
1C,9C,QS,KD|1S,1D,10D,KC|10S,JD,QC,QD|9S,9D,JS,QH
1C,9C,QS,KD|1S,1D,10D,KC|9H,10S,QC,QD|9D,10H,JS,QH
1C,9C,QS,KD|1S,1D,10D,KC|9H,10S,QC,QD|9D,JS,JH,QH
1C,9C,QS,KD|1S,1D,10D,KC|9H,10S,QC,QD|9D,JS,JD,QH
1C,9C,QS,KD|1S,1D,10D,KC|9H,10S,QC,QD|9D,JS,QH,KS
1C,9C,QS,KD|1S,1D,10D,KC|9H,10S,QC,QD|9D,JS,JC,QH
1C,9C,QS,KD|1S,1D,10D,KC|9H,10S,QC,QD|9S,9D,JS,QH
1C,9C,QS,KD|1S,1D,10D,KC|9H,10S,QC,QD|9D,JS,QH,KH
1C,9C,QS,KD|1S,1D,10D,KC|9H,10S,QC,QD|9D,10C,JS,QH
1C,9C,QS,KD|1S,1D,10D,KC|9H,10S,QC,QD|1H,9D,JS,QH
1C,9C,QS,KD|1S,1D,10D,KC|10S,JC,QC,QD|9D,10H,JS,QH
1C,9C,QS,KD|1S,1D,10D,KC|10S,JC,QC,QD|9D,JS,JH,QH
1C,9C,QS,KD|1S,1D,10D,KC|10S,JC,QC,QD|9D,JS,QH,KH
1C,9C,QS,KD|1S,1D,10D,KC|10S,JC,QC,QD|9D,JS,JD,QH
1C,9C,QS,KD|1S,1D,10D,KC|10S,JC,QC,QD|1H,9D,JS,QH
1C,9C,QS,KD|1S,1D,10D,KC|10S,JC,QC,QD|9S,9D,JS,QH
1C,9C,QS,KD|1S,1D,10D,KC|10S,JC,QC,QD|9D,10C,JS,QH
1C,9C,QS,KD|1S,1D,10D,KC|10S,JC,QC,QD|9D,JS,QH,KS
1C,9C,QS,KD|1S,1D,10D,KC|10S,JC,QC,QD|9H,9D,JS,QH
1C,9C,QS,KD|1S,1D,10D,KC|10S,JH,QC,QD|9S,9D,JS,QH
1C,9C,QS,KD|1S,1D,10D,KC|10S,JH,QC,QD|9D,JS,QH,KH
1C,9C,QS,KD|1S,1D,10D,KC|10S,JH,QC,QD|9H,9D,JS,QH
1C,9C,QS,KD|1S,1D,10D,KC|10S,JH,QC,QD|9D,10H,JS,QH
1C,9C,QS,KD|1S,1D,10D,KC|10S,JH,QC,QD|9D,JS,JD,QH
1C,9C,QS,KD|1S,1D,10D,KC|10S,JH,QC,QD|9D,10C,JS,QH
1C,9C,QS,KD|1S,1D,10D,KC|10S,JH,QC,QD|9D,JS,JC,QH
1C,9C,QS,KD|1S,1D,10D,KC|10S,JH,QC,QD|9D,JS,QH,KS
1C,9C,QS,KD|1S,1D,10D,KC|10S,JH,QC,QD|1H,9D,JS,QH
1C,9C,QS,KD|1S,1D,10D,JD|9S,10S,QC,QD|9D,10C,JS,QH
1C,9C,QS,KD|1S,1D,10D,JD|9S,10S,QC,QD|9D,JS,JH,QH
1C,9C,QS,KD|1S,1D,10D,JD|9S,10S,QC,QD|9H,9D,JS,QH
1C,9C,QS,KD|1S,1D,10D,JD|9S,10S,QC,QD|1H,9D,JS,QH
1C,9C,QS,KD|1S,1D,10D,JD|9S,10S,QC,QD|9D,JS,QH,KC
1C,9C,QS,KD|1S,1D,10D,JD|9S,10S,QC,QD|9D,JS,JC,QH
1C,9C,QS,KD|1S,1D,10D,JD|9S,10S,QC,QD|9D,JS,QH,KS
1C,9C,QS,KD|1S,1D,10D,JD|9S,10S,QC,QD|9D,10H,JS,QH
1C,9C,QS,KD|1S,1D,10D,JD|9S,10S,QC,QD|9D,JS,QH,KH
1C,9C,QS,KD|1S,1D,10D,JD|9H,10S,QC,QD|9S,9D,JS,QH
...